
> burakweb@0.1.0 dev-normal
> next dev

   ▲ Next.js 15.4.4
   - Local:        http://localhost:3000
   - Network:      http://192.168.1.7:3000
   - Environments: .env.local

 ✓ Starting...
 ✓ Ready in 1715ms
 ○ Compiling /api/contact ...
 ✓ Compiled /api/contact in 1150ms (333 modules)
Gmail user: burakozerweb@gmail.com
Gmail pass exists: true
Gmail pass length: 16
Email gönderimi hatası: TypeError: nodemailer.createTransporter is not a function
    at POST (src/app/api/contact/route.ts:14:35)
  12 |
  13 |     // Gmail SMTP transporter oluştur
> 14 |     const transporter = nodemailer.createTransporter({
     |                                   ^
  15 |       service: 'gmail',
  16 |       auth: {
  17 |         user: process.env.GMAIL_USER, // Gmail adresiniz
 POST /api/contact 500 in 1430ms
 ✓ Compiled in 127ms (147 modules)
 ✓ Compiled in 40ms (147 modules)
Gmail user: burakozerweb@gmail.com
Gmail pass exists: true
Gmail pass length: 16
 POST /api/contact 200 in 1335ms
 ○ Compiling / ...
 ✓ Compiled / in 3.2s (1734 modules)
 ✓ Compiled in 401ms (740 modules)
 GET / 200 in 4693ms
 ○ Compiling /favicon.ico ...
 ✓ Compiled /favicon.ico in 2.7s (978 modules)
 GET /favicon.ico 200 in 2784ms
 GET /favicon.ico 200 in 11ms
Gmail user: burakozerweb@gmail.com
Gmail pass exists: true
Gmail pass length: 16
 POST /api/contact 200 in 1117ms
 ✓ Compiled in 812ms (1649 modules)
 GET / 200 in 137ms
 ✓ Compiled in 714ms (1649 modules)
 GET / 200 in 211ms
 ✓ Compiled in 748ms (1649 modules)
 GET / 200 in 111ms
 ✓ Compiled in 662ms (1649 modules)
 GET / 200 in 148ms
 ✓ Compiled in 644ms (1649 modules)
 GET / 200 in 143ms
 ✓ Compiled in 929ms (1649 modules)
 GET / 200 in 104ms
 ✓ Compiled in 978ms (1649 modules)
 GET / 200 in 161ms
 ✓ Compiled in 347ms (1649 modules)
 GET / 200 in 176ms
 ✓ Compiled in 253ms (740 modules)
 GET / 200 in 38ms
 ✓ Compiled in 232ms (740 modules)
 GET / 200 in 70ms
 GET / 200 in 507ms
 ○ Compiling /api/contact ...
 ✓ Compiled /api/contact in 646ms (976 modules)
Gmail user: burakozerweb@gmail.com
Gmail pass exists: true
Gmail pass length: 16
 POST /api/contact 200 in 1857ms
 GET / 200 in 553ms
 ✓ Compiled in 1711ms (1649 modules)
 GET / 200 in 268ms
 GET / 200 in 42ms
 ✓ Compiled in 651ms (1641 modules)
 GET / 200 in 116ms
 ✓ Compiled in 299ms (1641 modules)
 GET / 200 in 129ms
 GET / 200 in 1615ms
 ○ Compiling /favicon.ico ...
 ✓ Compiled /favicon.ico in 1385ms (918 modules)
 GET /favicon.ico 200 in 1797ms
 GET / 200 in 636ms
 GET /favicon.ico 200 in 54ms
 GET /favicon.ico 200 in 18ms
 ✓ Compiled in 1132ms (1658 modules)
 GET / 200 in 102ms
 GET / 200 in 571ms
 GET /favicon.ico 200 in 125ms
 GET /favicon.ico 200 in 28ms
 GET /favicon.ico 200 in 41ms
 ✓ Compiled in 628ms (1652 modules)
 GET / 200 in 173ms
 GET / 200 in 452ms
 GET /favicon.ico 200 in 22ms
 ✓ Compiled in 820ms (740 modules)
 ✓ Compiled in 195ms (740 modules)
 ✓ Compiled in 2.1s (1635 modules)
 ✓ Compiled in 1882ms (1635 modules)
 ✓ Compiled in 1415ms (1635 modules)
 ✓ Compiled in 599ms (1635 modules)
 ⚠ Found a change in next.config.ts. Restarting the server to apply the changes...
   ▲ Next.js 15.4.4
   - Local:        http://localhost:3000
   - Network:      http://172.20.10.3:3000
   - Environments: .env.local

 ✓ Starting...
 ✓ Ready in 1887ms
